{
  "/Users/olatunji/Desktop/Code/MovieSearch/App.tsx": {
    "path": "/Users/olatunji/Desktop/Code/MovieSearch/App.tsx",
    "statementMap": {
      "0": {
        "start": { "line": 8, "column": 2 },
        "end": { "line": 12, "column": 4 }
      },
      "1": {
        "start": { "line": 15, "column": 15 },
        "end": { "line": 20, "column": 2 }
      }
    },
    "fnMap": {
      "0": {
        "name": "App",
        "decl": {
          "start": { "line": 7, "column": 24 },
          "end": { "line": 7, "column": 27 }
        },
        "loc": {
          "start": { "line": 7, "column": 30 },
          "end": { "line": 13, "column": 1 }
        },
        "line": 7
      }
    },
    "branchMap": {},
    "s": { "0": 1, "1": 1 },
    "f": { "0": 1 },
    "b": {},
    "_coverageSchema": "1a1c01bbd47fc00a2c39e90264f33305004495a9",
    "hash": "2bdcbba702e03365db55d8426be397d09c780247"
  },
  "/Users/olatunji/Desktop/Code/MovieSearch/index.tsx": {
    "path": "/Users/olatunji/Desktop/Code/MovieSearch/index.tsx",
    "statementMap": {
      "0": {
        "start": { "line": 12, "column": 20 },
        "end": { "line": 69, "column": 1 }
      },
      "1": {
        "start": { "line": 13, "column": 40 },
        "end": { "line": 13, "column": 52 }
      },
      "2": {
        "start": { "line": 14, "column": 36 },
        "end": { "line": 14, "column": 55 }
      },
      "3": {
        "start": { "line": 16, "column": 17 },
        "end": { "line": 19, "column": 3 }
      },
      "4": {
        "start": { "line": 17, "column": 26 },
        "end": { "line": 17, "column": 51 }
      },
      "5": {
        "start": { "line": 18, "column": 4 },
        "end": { "line": 18, "column": 32 }
      },
      "6": {
        "start": { "line": 21, "column": 2 },
        "end": { "line": 23, "column": 20 }
      },
      "7": {
        "start": { "line": 22, "column": 4 },
        "end": { "line": 22, "column": 13 }
      },
      "8": {
        "start": { "line": 25, "column": 2 },
        "end": { "line": 68, "column": 4 }
      },
      "9": {
        "start": { "line": 31, "column": 12 },
        "end": { "line": 31, "column": 34 }
      },
      "10": {
        "start": { "line": 39, "column": 12 },
        "end": { "line": 41, "column": 41 }
      },
      "11": {
        "start": { "line": 50, "column": 34 },
        "end": { "line": 50, "column": 44 }
      },
      "12": {
        "start": { "line": 52, "column": 12 },
        "end": { "line": 63, "column": 14 }
      },
      "13": {
        "start": { "line": 73, "column": 15 },
        "end": { "line": 83, "column": 2 }
      }
    },
    "fnMap": {
      "0": {
        "name": "(anonymous_0)",
        "decl": {
          "start": { "line": 12, "column": 20 },
          "end": { "line": 12, "column": 21 }
        },
        "loc": {
          "start": { "line": 12, "column": 26 },
          "end": { "line": 69, "column": 1 }
        },
        "line": 12
      },
      "1": {
        "name": "(anonymous_1)",
        "decl": {
          "start": { "line": 16, "column": 17 },
          "end": { "line": 16, "column": 18 }
        },
        "loc": {
          "start": { "line": 16, "column": 23 },
          "end": { "line": 19, "column": 3 }
        },
        "line": 16
      },
      "2": {
        "name": "(anonymous_2)",
        "decl": {
          "start": { "line": 21, "column": 12 },
          "end": { "line": 21, "column": 13 }
        },
        "loc": {
          "start": { "line": 21, "column": 18 },
          "end": { "line": 23, "column": 3 }
        },
        "line": 21
      },
      "3": {
        "name": "(anonymous_3)",
        "decl": {
          "start": { "line": 30, "column": 24 },
          "end": { "line": 30, "column": 25 }
        },
        "loc": {
          "start": { "line": 30, "column": 43 },
          "end": { "line": 32, "column": 11 }
        },
        "line": 30
      },
      "4": {
        "name": "(anonymous_4)",
        "decl": {
          "start": { "line": 38, "column": 28 },
          "end": { "line": 38, "column": 29 }
        },
        "loc": {
          "start": { "line": 38, "column": 42 },
          "end": { "line": 42, "column": 11 }
        },
        "line": 38
      },
      "5": {
        "name": "(anonymous_5)",
        "decl": {
          "start": { "line": 50, "column": 24 },
          "end": { "line": 50, "column": 25 }
        },
        "loc": {
          "start": { "line": 50, "column": 34 },
          "end": { "line": 50, "column": 44 }
        },
        "line": 50
      },
      "6": {
        "name": "(anonymous_6)",
        "decl": {
          "start": { "line": 51, "column": 22 },
          "end": { "line": 51, "column": 23 }
        },
        "loc": {
          "start": { "line": 51, "column": 36 },
          "end": { "line": 64, "column": 11 }
        },
        "line": 51
      }
    },
    "branchMap": {
      "0": {
        "loc": {
          "start": { "line": 39, "column": 12 },
          "end": { "line": 41, "column": 40 }
        },
        "type": "cond-expr",
        "locations": [
          {
            "start": { "line": 40, "column": 16 },
            "end": { "line": 40, "column": 34 }
          },
          {
            "start": { "line": 41, "column": 16 },
            "end": { "line": 41, "column": 40 }
          }
        ],
        "line": 39
      },
      "1": {
        "loc": {
          "start": { "line": 78, "column": 15 },
          "end": { "line": 78, "column": 46 }
        },
        "type": "cond-expr",
        "locations": [
          {
            "start": { "line": 78, "column": 39 },
            "end": { "line": 78, "column": 41 }
          },
          {
            "start": { "line": 78, "column": 44 },
            "end": { "line": 78, "column": 46 }
          }
        ],
        "line": 78
      }
    },
    "s": {
      "0": 1,
      "1": 2,
      "2": 2,
      "3": 2,
      "4": 1,
      "5": 1,
      "6": 2,
      "7": 1,
      "8": 2,
      "9": 0,
      "10": 0,
      "11": 9,
      "12": 8,
      "13": 1
    },
    "f": { "0": 2, "1": 1, "2": 1, "3": 0, "4": 0, "5": 9, "6": 8 },
    "b": { "0": [0, 0], "1": [1, 0] },
    "_coverageSchema": "1a1c01bbd47fc00a2c39e90264f33305004495a9",
    "hash": "202013cef0a6f55b17ed88bb07dd38ccaf1502b4"
  },
  "/Users/olatunji/Desktop/Code/MovieSearch/src/MovieList/index.tsx": {
    "path": "/Users/olatunji/Desktop/Code/MovieSearch/src/MovieList/index.tsx",
    "statementMap": {
      "0": {
        "start": { "line": 10, "column": 5 },
        "end": { "line": 51, "column": 1 }
      },
      "1": {
        "start": { "line": 53, "column": 28 },
        "end": { "line": 64, "column": 1 }
      },
      "2": {
        "start": { "line": 54, "column": 25 },
        "end": { "line": 54, "column": 44 }
      },
      "3": {
        "start": { "line": 55, "column": 18 },
        "end": { "line": 62, "column": 3 }
      },
      "4": {
        "start": { "line": 57, "column": 6 },
        "end": { "line": 61, "column": 75 }
      },
      "5": {
        "start": { "line": 63, "column": 2 },
        "end": { "line": 63, "column": 17 }
      },
      "6": {
        "start": { "line": 66, "column": 28 },
        "end": { "line": 72, "column": 1 }
      },
      "7": {
        "start": { "line": 67, "column": 25 },
        "end": { "line": 67, "column": 44 }
      },
      "8": {
        "start": { "line": 68, "column": 18 },
        "end": { "line": 70, "column": 3 }
      },
      "9": {
        "start": { "line": 69, "column": 4 },
        "end": { "line": 69, "column": 55 }
      },
      "10": {
        "start": { "line": 71, "column": 2 },
        "end": { "line": 71, "column": 17 }
      }
    },
    "fnMap": {
      "0": {
        "name": "(anonymous_0)",
        "decl": {
          "start": { "line": 53, "column": 28 },
          "end": { "line": 53, "column": 29 }
        },
        "loc": {
          "start": { "line": 53, "column": 47 },
          "end": { "line": 64, "column": 1 }
        },
        "line": 53
      },
      "1": {
        "name": "(anonymous_1)",
        "decl": {
          "start": { "line": 56, "column": 4 },
          "end": { "line": 56, "column": 5 }
        },
        "loc": {
          "start": { "line": 57, "column": 6 },
          "end": { "line": 61, "column": 75 }
        },
        "line": 57
      },
      "2": {
        "name": "(anonymous_2)",
        "decl": {
          "start": { "line": 66, "column": 28 },
          "end": { "line": 66, "column": 29 }
        },
        "loc": {
          "start": { "line": 66, "column": 47 },
          "end": { "line": 72, "column": 1 }
        },
        "line": 66
      },
      "3": {
        "name": "(anonymous_3)",
        "decl": {
          "start": { "line": 68, "column": 35 },
          "end": { "line": 68, "column": 36 }
        },
        "loc": {
          "start": { "line": 69, "column": 4 },
          "end": { "line": 69, "column": 55 }
        },
        "line": 69
      }
    },
    "branchMap": {
      "0": {
        "loc": {
          "start": { "line": 57, "column": 6 },
          "end": { "line": 61, "column": 75 }
        },
        "type": "binary-expr",
        "locations": [
          {
            "start": { "line": 57, "column": 6 },
            "end": { "line": 57, "column": 57 }
          },
          {
            "start": { "line": 58, "column": 6 },
            "end": { "line": 58, "column": 57 }
          },
          {
            "start": { "line": 59, "column": 6 },
            "end": { "line": 59, "column": 42 }
          },
          {
            "start": { "line": 60, "column": 6 },
            "end": { "line": 60, "column": 56 }
          },
          {
            "start": { "line": 61, "column": 6 },
            "end": { "line": 61, "column": 75 }
          }
        ],
        "line": 57
      }
    },
    "s": {
      "0": 2,
      "1": 2,
      "2": 5,
      "3": 5,
      "4": 20,
      "5": 5,
      "6": 2,
      "7": 3,
      "8": 3,
      "9": 12,
      "10": 3
    },
    "f": { "0": 5, "1": 20, "2": 3, "3": 12 },
    "b": { "0": [20, 15, 14, 14, 14] },
    "_coverageSchema": "1a1c01bbd47fc00a2c39e90264f33305004495a9",
    "hash": "4bd9c5e5817e53a0db3777fd202d3022280319bf"
  },
  "/Users/olatunji/Desktop/Code/MovieSearch/src/UI Library/Buttons/ButtonComponent/index.tsx": {
    "path": "/Users/olatunji/Desktop/Code/MovieSearch/src/UI Library/Buttons/ButtonComponent/index.tsx",
    "statementMap": {
      "0": {
        "start": { "line": 4, "column": 24 },
        "end": { "line": 21, "column": 1 }
      },
      "1": {
        "start": { "line": 8, "column": 34 },
        "end": { "line": 8, "column": 39 }
      },
      "2": {
        "start": { "line": 10, "column": 2 },
        "end": { "line": 20, "column": 4 }
      },
      "3": {
        "start": { "line": 25, "column": 15 },
        "end": { "line": 36, "column": 2 }
      }
    },
    "fnMap": {
      "0": {
        "name": "(anonymous_0)",
        "decl": {
          "start": { "line": 4, "column": 24 },
          "end": { "line": 4, "column": 25 }
        },
        "loc": {
          "start": { "line": 7, "column": 6 },
          "end": { "line": 21, "column": 1 }
        },
        "line": 7
      }
    },
    "branchMap": {},
    "s": { "0": 1, "1": 1, "2": 1, "3": 1 },
    "f": { "0": 1 },
    "b": {},
    "_coverageSchema": "1a1c01bbd47fc00a2c39e90264f33305004495a9",
    "hash": "41cc7bfd1d45407654633a978125cd444e6d1586"
  },
  "/Users/olatunji/Desktop/Code/MovieSearch/src/UI Library/Buttons/CloseButton/index.tsx": {
    "path": "/Users/olatunji/Desktop/Code/MovieSearch/src/UI Library/Buttons/CloseButton/index.tsx",
    "statementMap": {
      "0": {
        "start": { "line": 6, "column": 20 },
        "end": { "line": 13, "column": 1 }
      },
      "1": {
        "start": { "line": 7, "column": 22 },
        "end": { "line": 7, "column": 27 }
      },
      "2": {
        "start": { "line": 8, "column": 2 },
        "end": { "line": 12, "column": 4 }
      }
    },
    "fnMap": {
      "0": {
        "name": "(anonymous_0)",
        "decl": {
          "start": { "line": 6, "column": 20 },
          "end": { "line": 6, "column": 21 }
        },
        "loc": {
          "start": { "line": 6, "column": 69 },
          "end": { "line": 13, "column": 1 }
        },
        "line": 6
      }
    },
    "branchMap": {},
    "s": { "0": 3, "1": 1, "2": 1 },
    "f": { "0": 1 },
    "b": {},
    "_coverageSchema": "1a1c01bbd47fc00a2c39e90264f33305004495a9",
    "hash": "f62b48a50d5e005bccac475e86c63019c64e7124"
  },
  "/Users/olatunji/Desktop/Code/MovieSearch/src/UI Library/CategoryComponent/index.tsx": {
    "path": "/Users/olatunji/Desktop/Code/MovieSearch/src/UI Library/CategoryComponent/index.tsx",
    "statementMap": {
      "0": {
        "start": { "line": 4, "column": 26 },
        "end": { "line": 24, "column": 1 }
      },
      "1": {
        "start": { "line": 10, "column": 46 },
        "end": { "line": 10, "column": 51 }
      },
      "2": {
        "start": { "line": 12, "column": 2 },
        "end": { "line": 23, "column": 4 }
      },
      "3": {
        "start": { "line": 28, "column": 15 },
        "end": { "line": 37, "column": 2 }
      }
    },
    "fnMap": {
      "0": {
        "name": "(anonymous_0)",
        "decl": {
          "start": { "line": 4, "column": 26 },
          "end": { "line": 4, "column": 27 }
        },
        "loc": {
          "start": { "line": 9, "column": 6 },
          "end": { "line": 24, "column": 1 }
        },
        "line": 9
      }
    },
    "branchMap": {
      "0": {
        "loc": {
          "start": { "line": 17, "column": 27 },
          "end": { "line": 17, "column": 53 }
        },
        "type": "cond-expr",
        "locations": [
          {
            "start": { "line": 17, "column": 38 },
            "end": { "line": 17, "column": 44 }
          },
          {
            "start": { "line": 17, "column": 47 },
            "end": { "line": 17, "column": 53 }
          }
        ],
        "line": 17
      }
    },
    "s": { "0": 2, "1": 9, "2": 9, "3": 2 },
    "f": { "0": 9 },
    "b": { "0": [0, 9] },
    "_coverageSchema": "1a1c01bbd47fc00a2c39e90264f33305004495a9",
    "hash": "f74372ccbe5718302c3815aa6024e5e0b07eb28f"
  },
  "/Users/olatunji/Desktop/Code/MovieSearch/src/UI Library/CategorySelector/index.tsx": {
    "path": "/Users/olatunji/Desktop/Code/MovieSearch/src/UI Library/CategorySelector/index.tsx",
    "statementMap": {
      "0": {
        "start": { "line": 5, "column": 25 },
        "end": { "line": 32, "column": 1 }
      },
      "1": {
        "start": { "line": 9, "column": 49 },
        "end": { "line": 9, "column": 54 }
      },
      "2": {
        "start": { "line": 11, "column": 21 },
        "end": { "line": 11, "column": 62 }
      },
      "3": {
        "start": { "line": 13, "column": 2 },
        "end": { "line": 31, "column": 4 }
      },
      "4": {
        "start": { "line": 19, "column": 33 },
        "end": { "line": 19, "column": 49 }
      },
      "5": {
        "start": { "line": 21, "column": 10 },
        "end": { "line": 27, "column": 12 }
      },
      "6": {
        "start": { "line": 25, "column": 14 },
        "end": { "line": 25, "column": 37 }
      },
      "7": {
        "start": { "line": 36, "column": 15 },
        "end": { "line": 47, "column": 2 }
      }
    },
    "fnMap": {
      "0": {
        "name": "(anonymous_0)",
        "decl": {
          "start": { "line": 5, "column": 25 },
          "end": { "line": 5, "column": 26 }
        },
        "loc": {
          "start": { "line": 8, "column": 6 },
          "end": { "line": 32, "column": 1 }
        },
        "line": 8
      },
      "1": {
        "name": "(anonymous_1)",
        "decl": {
          "start": { "line": 19, "column": 22 },
          "end": { "line": 19, "column": 23 }
        },
        "loc": {
          "start": { "line": 19, "column": 33 },
          "end": { "line": 19, "column": 49 }
        },
        "line": 19
      },
      "2": {
        "name": "(anonymous_2)",
        "decl": {
          "start": { "line": 20, "column": 20 },
          "end": { "line": 20, "column": 21 }
        },
        "loc": {
          "start": { "line": 21, "column": 10 },
          "end": { "line": 27, "column": 12 }
        },
        "line": 21
      },
      "3": {
        "name": "(anonymous_3)",
        "decl": {
          "start": { "line": 24, "column": 21 },
          "end": { "line": 24, "column": 22 }
        },
        "loc": {
          "start": { "line": 24, "column": 27 },
          "end": { "line": 26, "column": 13 }
        },
        "line": 24
      }
    },
    "branchMap": {},
    "s": { "0": 1, "1": 2, "2": 2, "3": 2, "4": 9, "5": 8, "6": 0, "7": 1 },
    "f": { "0": 2, "1": 9, "2": 8, "3": 0 },
    "b": {},
    "_coverageSchema": "1a1c01bbd47fc00a2c39e90264f33305004495a9",
    "hash": "b17ae221396a31ae6833bc093f0cd96415c28ea0"
  },
  "/Users/olatunji/Desktop/Code/MovieSearch/src/UI Library/Forms/SearchBarComponent/index.tsx": {
    "path": "/Users/olatunji/Desktop/Code/MovieSearch/src/UI Library/Forms/SearchBarComponent/index.tsx",
    "statementMap": {
      "0": {
        "start": { "line": 6, "column": 27 },
        "end": { "line": 51, "column": 1 }
      },
      "1": {
        "start": { "line": 14, "column": 54 },
        "end": { "line": 14, "column": 59 }
      },
      "2": {
        "start": { "line": 15, "column": 25 },
        "end": { "line": 15, "column": 48 }
      },
      "3": {
        "start": { "line": 16, "column": 30 },
        "end": { "line": 16, "column": 45 }
      },
      "4": {
        "start": { "line": 18, "column": 2 },
        "end": { "line": 50, "column": 4 }
      },
      "5": {
        "start": { "line": 26, "column": 25 },
        "end": { "line": 26, "column": 40 }
      },
      "6": {
        "start": { "line": 29, "column": 12 },
        "end": { "line": 29, "column": 29 }
      },
      "7": {
        "start": { "line": 39, "column": 14 },
        "end": { "line": 39, "column": 46 }
      },
      "8": {
        "start": { "line": 40, "column": 14 },
        "end": { "line": 40, "column": 45 }
      },
      "9": {
        "start": { "line": 55, "column": 15 },
        "end": { "line": 70, "column": 2 }
      }
    },
    "fnMap": {
      "0": {
        "name": "(anonymous_0)",
        "decl": {
          "start": { "line": 6, "column": 27 },
          "end": { "line": 6, "column": 28 }
        },
        "loc": {
          "start": { "line": 13, "column": 6 },
          "end": { "line": 51, "column": 1 }
        },
        "line": 13
      },
      "1": {
        "name": "(anonymous_1)",
        "decl": {
          "start": { "line": 26, "column": 19 },
          "end": { "line": 26, "column": 20 }
        },
        "loc": {
          "start": { "line": 26, "column": 25 },
          "end": { "line": 26, "column": 40 }
        },
        "line": 26
      },
      "2": {
        "name": "(anonymous_2)",
        "decl": {
          "start": { "line": 28, "column": 18 },
          "end": { "line": 28, "column": 19 }
        },
        "loc": {
          "start": { "line": 28, "column": 24 },
          "end": { "line": 30, "column": 11 }
        },
        "line": 28
      },
      "3": {
        "name": "(anonymous_3)",
        "decl": {
          "start": { "line": 38, "column": 21 },
          "end": { "line": 38, "column": 22 }
        },
        "loc": {
          "start": { "line": 38, "column": 27 },
          "end": { "line": 41, "column": 13 }
        },
        "line": 38
      }
    },
    "branchMap": {
      "0": {
        "loc": {
          "start": { "line": 35, "column": 9 },
          "end": { "line": 47, "column": 9 }
        },
        "type": "cond-expr",
        "locations": [
          {
            "start": { "line": 36, "column": 10 },
            "end": { "line": 44, "column": 29 }
          },
          {
            "start": { "line": 46, "column": 10 },
            "end": { "line": 46, "column": 62 }
          }
        ],
        "line": 35
      }
    },
    "s": {
      "0": 2,
      "1": 3,
      "2": 3,
      "3": 3,
      "4": 3,
      "5": 0,
      "6": 0,
      "7": 0,
      "8": 0,
      "9": 2
    },
    "f": { "0": 3, "1": 0, "2": 0, "3": 0 },
    "b": { "0": [0, 3] },
    "_coverageSchema": "1a1c01bbd47fc00a2c39e90264f33305004495a9",
    "hash": "500a25c51670c231ed45fb132d4fd2d65bcfee74"
  },
  "/Users/olatunji/Desktop/Code/MovieSearch/src/UI Library/MovieCard/index.tsx": {
    "path": "/Users/olatunji/Desktop/Code/MovieSearch/src/UI Library/MovieCard/index.tsx",
    "statementMap": {
      "0": {
        "start": { "line": 13, "column": 18 },
        "end": { "line": 72, "column": 1 }
      },
      "1": {
        "start": { "line": 21, "column": 36 },
        "end": { "line": 21, "column": 51 }
      },
      "2": {
        "start": { "line": 22, "column": 68 },
        "end": { "line": 22, "column": 73 }
      },
      "3": {
        "start": { "line": 24, "column": 2 },
        "end": { "line": 71, "column": 4 }
      },
      "4": {
        "start": { "line": 29, "column": 8 },
        "end": { "line": 29, "column": 27 }
      },
      "5": {
        "start": { "line": 37, "column": 16 },
        "end": { "line": 37, "column": 41 }
      },
      "6": {
        "start": { "line": 76, "column": 15 },
        "end": { "line": 130, "column": 2 }
      }
    },
    "fnMap": {
      "0": {
        "name": "(anonymous_0)",
        "decl": {
          "start": { "line": 13, "column": 18 },
          "end": { "line": 13, "column": 19 }
        },
        "loc": {
          "start": { "line": 20, "column": 6 },
          "end": { "line": 72, "column": 1 }
        },
        "line": 20
      },
      "1": {
        "name": "(anonymous_1)",
        "decl": {
          "start": { "line": 28, "column": 15 },
          "end": { "line": 28, "column": 16 }
        },
        "loc": {
          "start": { "line": 28, "column": 21 },
          "end": { "line": 30, "column": 7 }
        },
        "line": 28
      },
      "2": {
        "name": "(anonymous_2)",
        "decl": {
          "start": { "line": 36, "column": 23 },
          "end": { "line": 36, "column": 24 }
        },
        "loc": {
          "start": { "line": 36, "column": 29 },
          "end": { "line": 38, "column": 15 }
        },
        "line": 36
      }
    },
    "branchMap": {
      "0": {
        "loc": {
          "start": { "line": 117, "column": 15 },
          "end": { "line": 117, "column": 48 }
        },
        "type": "cond-expr",
        "locations": [
          {
            "start": { "line": 117, "column": 39 },
            "end": { "line": 117, "column": 41 }
          },
          {
            "start": { "line": 117, "column": 44 },
            "end": { "line": 117, "column": 48 }
          }
        ],
        "line": 117
      }
    },
    "s": { "0": 2, "1": 9, "2": 9, "3": 9, "4": 0, "5": 0, "6": 2 },
    "f": { "0": 9, "1": 0, "2": 0 },
    "b": { "0": [2, 0] },
    "_coverageSchema": "1a1c01bbd47fc00a2c39e90264f33305004495a9",
    "hash": "1d2e5153234fbabb990d8a3051c11750382d6c21"
  }
}
