TN:
SF:App.tsx
FN:7,App
FNF:1
FNH:1
FNDA:1,App
DA:8,1
DA:15,1
LF:2
LH:2
BRF:0
BRH:0
end_of_record
TN:
SF:index.tsx
FN:12,(anonymous_0)
FN:16,(anonymous_1)
FN:26,(anonymous_2)
FN:30,(anonymous_3)
FN:43,(anonymous_4)
FN:44,(anonymous_5)
FNF:6
FNH:3
FNDA:1,(anonymous_0)
FNDA:0,(anonymous_1)
FNDA:0,(anonymous_2)
FNDA:0,(anonymous_3)
FNDA:5,(anonymous_4)
FNDA:4,(anonymous_5)
DA:12,1
DA:13,1
DA:14,1
DA:16,1
DA:17,0
DA:18,0
DA:21,1
DA:27,0
DA:28,0
DA:31,0
DA:43,5
DA:45,4
DA:66,1
LF:13
LH:8
BRDA:71,0,0,1
BRDA:71,0,1,0
BRF:2
BRH:1
end_of_record
TN:
SF:src/MovieList/index.tsx
FN:53,(anonymous_0)
FN:56,(anonymous_1)
FN:66,(anonymous_2)
FN:68,(anonymous_3)
FNF:4
FNH:0
FNDA:0,(anonymous_0)
FNDA:0,(anonymous_1)
FNDA:0,(anonymous_2)
FNDA:0,(anonymous_3)
DA:10,1
DA:53,1
DA:54,0
DA:55,0
DA:57,0
DA:63,0
DA:66,1
DA:67,0
DA:68,0
DA:69,0
DA:71,0
LF:11
LH:3
BRDA:57,0,0,0
BRDA:57,0,1,0
BRDA:57,0,2,0
BRDA:57,0,3,0
BRDA:57,0,4,0
BRF:5
BRH:0
end_of_record
TN:
SF:src/UI Library/Buttons/ButtonComponent/index.tsx
FN:4,(anonymous_0)
FNF:1
FNH:1
FNDA:1,(anonymous_0)
DA:4,1
DA:8,1
DA:10,1
DA:25,1
LF:4
LH:4
BRF:0
BRH:0
end_of_record
TN:
SF:src/UI Library/Buttons/CloseButton/index.tsx
FN:6,(anonymous_0)
FNF:1
FNH:1
FNDA:1,(anonymous_0)
DA:6,3
DA:7,1
DA:8,1
LF:3
LH:3
BRF:0
BRH:0
end_of_record
TN:
SF:src/UI Library/CategoryComponent/index.tsx
FN:4,(anonymous_0)
FNF:1
FNH:1
FNDA:4,(anonymous_0)
DA:4,1
DA:5,4
DA:6,4
DA:15,1
LF:4
LH:4
BRF:0
BRH:0
end_of_record
TN:
SF:src/UI Library/CategorySlider/index.tsx
FN:6,(anonymous_0)
FNF:1
FNH:1
FNDA:1,(anonymous_0)
DA:6,1
DA:7,1
DA:27,1
LF:3
LH:3
BRF:0
BRH:0
end_of_record
TN:
SF:src/UI Library/Forms/SearchBarComponent/index.tsx
FN:6,(anonymous_0)
FN:26,(anonymous_1)
FN:28,(anonymous_2)
FN:38,(anonymous_3)
FNF:4
FNH:1
FNDA:2,(anonymous_0)
FNDA:0,(anonymous_1)
FNDA:0,(anonymous_2)
FNDA:0,(anonymous_3)
DA:6,2
DA:14,2
DA:15,2
DA:16,2
DA:18,2
DA:26,0
DA:29,0
DA:39,0
DA:40,0
DA:55,2
LF:10
LH:6
BRDA:35,0,0,0
BRDA:35,0,1,2
BRF:2
BRH:1
end_of_record
TN:
SF:src/UI Library/MovieCard/index.tsx
FN:13,(anonymous_0)
FN:28,(anonymous_1)
FN:36,(anonymous_2)
FNF:3
FNH:1
FNDA:5,(anonymous_0)
FNDA:0,(anonymous_1)
FNDA:0,(anonymous_2)
DA:13,2
DA:21,5
DA:22,5
DA:24,5
DA:29,0
DA:37,0
DA:76,2
LF:7
LH:5
BRDA:117,0,0,2
BRDA:117,0,1,0
BRF:2
BRH:1
end_of_record
