TN:
SF:App.tsx
FN:7,App
FNF:1
FNH:1
FNDA:1,App
DA:8,1
DA:15,1
LF:2
LH:2
BRF:0
BRH:0
end_of_record
TN:
SF:index.tsx
FN:12,(anonymous_0)
FN:16,(anonymous_1)
FN:21,(anonymous_2)
FN:30,(anonymous_3)
FN:38,(anonymous_4)
FN:50,(anonymous_5)
FN:51,(anonymous_6)
FNF:7
FNH:5
FNDA:2,(anonymous_0)
FNDA:1,(anonymous_1)
FNDA:1,(anonymous_2)
FNDA:0,(anonymous_3)
FNDA:0,(anonymous_4)
FNDA:9,(anonymous_5)
FNDA:8,(anonymous_6)
DA:12,1
DA:13,2
DA:14,2
DA:16,2
DA:17,1
DA:18,1
DA:21,2
DA:22,1
DA:25,2
DA:31,0
DA:39,0
DA:50,9
DA:52,8
DA:73,1
LF:14
LH:12
BRDA:39,0,0,0
BRDA:39,0,1,0
BRDA:78,1,0,1
BRDA:78,1,1,0
BRF:4
BRH:1
end_of_record
TN:
SF:src/MovieList/index.tsx
FN:53,(anonymous_0)
FN:56,(anonymous_1)
FN:66,(anonymous_2)
FN:68,(anonymous_3)
FNF:4
FNH:4
FNDA:5,(anonymous_0)
FNDA:20,(anonymous_1)
FNDA:3,(anonymous_2)
FNDA:12,(anonymous_3)
DA:10,2
DA:53,2
DA:54,5
DA:55,5
DA:57,20
DA:63,5
DA:66,2
DA:67,3
DA:68,3
DA:69,12
DA:71,3
LF:11
LH:11
BRDA:57,0,0,20
BRDA:57,0,1,15
BRDA:57,0,2,14
BRDA:57,0,3,14
BRDA:57,0,4,14
BRF:5
BRH:5
end_of_record
TN:
SF:src/UI Library/Buttons/ButtonComponent/index.tsx
FN:4,(anonymous_0)
FNF:1
FNH:1
FNDA:1,(anonymous_0)
DA:4,1
DA:8,1
DA:10,1
DA:25,1
LF:4
LH:4
BRF:0
BRH:0
end_of_record
TN:
SF:src/UI Library/Buttons/CloseButton/index.tsx
FN:6,(anonymous_0)
FNF:1
FNH:1
FNDA:1,(anonymous_0)
DA:6,3
DA:7,1
DA:8,1
LF:3
LH:3
BRF:0
BRH:0
end_of_record
TN:
SF:src/UI Library/CategoryComponent/index.tsx
FN:4,(anonymous_0)
FNF:1
FNH:1
FNDA:9,(anonymous_0)
DA:4,2
DA:10,9
DA:12,9
DA:28,2
LF:4
LH:4
BRDA:17,0,0,0
BRDA:17,0,1,9
BRF:2
BRH:1
end_of_record
TN:
SF:src/UI Library/CategorySelector/index.tsx
FN:5,(anonymous_0)
FN:19,(anonymous_1)
FN:20,(anonymous_2)
FN:24,(anonymous_3)
FNF:4
FNH:3
FNDA:2,(anonymous_0)
FNDA:9,(anonymous_1)
FNDA:8,(anonymous_2)
FNDA:0,(anonymous_3)
DA:5,1
DA:9,2
DA:11,2
DA:13,2
DA:19,9
DA:21,8
DA:25,0
DA:36,1
LF:8
LH:7
BRF:0
BRH:0
end_of_record
TN:
SF:src/UI Library/Forms/SearchBarComponent/index.tsx
FN:6,(anonymous_0)
FN:26,(anonymous_1)
FN:28,(anonymous_2)
FN:38,(anonymous_3)
FNF:4
FNH:1
FNDA:3,(anonymous_0)
FNDA:0,(anonymous_1)
FNDA:0,(anonymous_2)
FNDA:0,(anonymous_3)
DA:6,2
DA:14,3
DA:15,3
DA:16,3
DA:18,3
DA:26,0
DA:29,0
DA:39,0
DA:40,0
DA:55,2
LF:10
LH:6
BRDA:35,0,0,0
BRDA:35,0,1,3
BRF:2
BRH:1
end_of_record
TN:
SF:src/UI Library/MovieCard/index.tsx
FN:13,(anonymous_0)
FN:28,(anonymous_1)
FN:36,(anonymous_2)
FNF:3
FNH:1
FNDA:9,(anonymous_0)
FNDA:0,(anonymous_1)
FNDA:0,(anonymous_2)
DA:13,2
DA:21,9
DA:22,9
DA:24,9
DA:29,0
DA:37,0
DA:76,2
LF:7
LH:5
BRDA:117,0,0,2
BRDA:117,0,1,0
BRF:2
BRH:1
end_of_record
